#
# A fatal error has been detected by the Java Runtime Environment:
#
#  EXCEPTION_ACCESS_VIOLATION (0xc0000005) at pc=0x6c1e9ab1, pid=16520, tid=0x00000194
#
# JRE version: Java(TM) SE Runtime Environment (8.0_144-b01) (build 1.8.0_144-b01)
# Java VM: Java HotSpot(TM) Client VM (25.144-b01 mixed mode windows-x86 )
# Problematic frame:
# C  [awt.dll+0xa9ab1]
#
# Failed to write core dump. Minidumps are not enabled by default on client versions of Windows
#
# If you would like to submit a bug report, please visit:
#   http://bugreport.java.com/bugreport/crash.jsp
# The crash happened outside the Java Virtual Machine in native code.
# See problematic frame for where to report the bug.
#

---------------  T H R E A D  ---------------

Current thread (0x2a692c00):  JavaThread "AWT-EventQueue-0" [_thread_in_native, id=404, stack(0x2b910000,0x2b960000)]

siginfo: ExceptionCode=0xc0000005, reading address 0x00000004

Registers:
EAX=0x0000000d, EBX=0x3a010f20, ECX=0x00000000, EDX=0x03406b00
ESP=0x2b95de38, EBP=0x743c6870, ESI=0x2ab8a3e8, EDI=0x2a66b150
EIP=0x6c1e9ab1, EFLAGS=0x00010283

Top of Stack: (sp=0x2b95de38)
0x2b95de38:   6c16e936 3a010f20 2a66b150 2a692d40
0x2b95de48:   2b95df08 2b95e400 6c19b333 2a692d40
0x2b95de58:   2a66b150 2b95e400 6c19b34a 00000001
0x2b95de68:   00000000 00000000 6c16bb85 2a692d40
0x2b95de78:   2b95e400 2a692c00 2be528b8 2be528b8
0x2b95de88:   2a692c00 00000006 00000004 2a9cff88
0x2b95de98:   2b95e3fc 2a692d40 2b95deac 2b95dee4
0x2b95dea8:   04e54889 0000040c 00000780 6ce06ed8 

Instructions: (pc=0x6c1e9ab1)
0x6c1e9a91:   00 00 c3 8b 41 04 8b 80 0c 0c 00 00 c3 8b 01 83
0x6c1e9aa1:   78 04 08 7e 03 33 c0 c3 8b 49 04 e9 e4 eb fe ff
0x6c1e9ab1:   8b 49 04 85 c9 74 05 e9 f2 e9 fe ff 33 c0 c2 04
0x6c1e9ac1:   00 8b 49 04 85 c9 74 05 e9 07 ea fe ff c2 04 00 


Register to memory mapping:

EAX=0x0000000d is an unknown value
EBX=0x3a010f20 is an unknown value
ECX=0x00000000 is an unknown value
EDX=0x03406b00 is an unknown value
ESP=0x2b95de38 is pointing into the stack for thread: 0x2a692c00
EBP=0x743c6870 is an unknown value
ESI=0x2ab8a3e8 is an unknown value
EDI=0x2a66b150 is an unknown value


Stack: [0x2b910000,0x2b960000],  sp=0x2b95de38,  free space=311k
Native frames: (J=compiled Java code, j=interpreted, Vv=VM code, C=native code)
C  [awt.dll+0xa9ab1]

Java frames: (J=compiled Java code, j=interpreted, Vv=VM code)
j  sun.java2d.windows.GDIBlitLoops.nativeBlit(Lsun/java2d/SurfaceData;Lsun/java2d/SurfaceData;Lsun/java2d/pipe/Region;IIIIIIIIIZ)V+0
j  sun.java2d.windows.GDIBlitLoops.Blit(Lsun/java2d/SurfaceData;Lsun/java2d/SurfaceData;Ljava/awt/Composite;Lsun/java2d/pipe/Region;IIIIII)V+33
J 1908 C1 sun.java2d.pipe.DrawImage.blitSurfaceData(Lsun/java2d/SunGraphics2D;Lsun/java2d/pipe/Region;Lsun/java2d/SurfaceData;Lsun/java2d/SurfaceData;Lsun/java2d/loops/SurfaceType;Lsun/java2d/loops/SurfaceType;IIIIIILjava/awt/Color;)V (145 bytes) @ 0x051b2940 [0x051b2720+0x220]
J 1906 C1 sun.java2d.pipe.DrawImage.renderImageCopy(Lsun/java2d/SunGraphics2D;Ljava/awt/Image;Ljava/awt/Color;IIIIII)Z (147 bytes) @ 0x051b19dc [0x051b18c0+0x11c]
J 1910 C1 sun.java2d.pipe.DrawImage.copyImage(Lsun/java2d/SunGraphics2D;Ljava/awt/Image;IILjava/awt/Color;)Z (105 bytes) @ 0x051b34b0 [0x051b32d0+0x1e0]
J 1861 C1 sun.java2d.pipe.DrawImage.copyImage(Lsun/java2d/SunGraphics2D;Ljava/awt/Image;IILjava/awt/Color;Ljava/awt/image/ImageObserver;)Z (60 bytes) @ 0x051a26e8 [0x051a2580+0x168]
J 2203 C1 sun.java2d.pipe.ValidatePipe.copyImage(Lsun/java2d/SunGraphics2D;Ljava/awt/Image;IILjava/awt/Color;Ljava/awt/image/ImageObserver;)Z (29 bytes) @ 0x05223c28 [0x05223bb0+0x78]
J 1849 C1 sun.java2d.SunGraphics2D.drawImage(Ljava/awt/Image;IILjava/awt/Color;Ljava/awt/image/ImageObserver;)Z (145 bytes) @ 0x0519fdcc [0x0519fbd0+0x1fc]
J 1864 C1 sun.java2d.SunGraphics2D.drawImage(Ljava/awt/Image;IILjava/awt/image/ImageObserver;)Z (11 bytes) @ 0x051a4780 [0x051a4740+0x40]
J 2036 C1 javax.swing.RepaintManager$PaintManager.paintDoubleBuffered(Ljavax/swing/JComponent;Ljava/awt/Image;Ljava/awt/Graphics;IIII)V (294 bytes) @ 0x051f24c8 [0x051f2320+0x1a8]
J 2201 C1 javax.swing.RepaintManager$PaintManager.paint(Ljavax/swing/JComponent;Ljavax/swing/JComponent;Ljava/awt/Graphics;IIII)Z (189 bytes) @ 0x05222acc [0x05222890+0x23c]
j  javax.swing.RepaintManager.paint(Ljavax/swing/JComponent;Ljavax/swing/JComponent;Ljava/awt/Graphics;IIII)V+51
j  javax.swing.JComponent.paint(Ljava/awt/Graphics;)V+221
j  java.awt.GraphicsCallback$PaintCallback.run(Ljava/awt/Component;Ljava/awt/Graphics;)V+2
j  sun.awt.SunGraphicsCallback.runOneComponent(Ljava/awt/Component;Ljava/awt/Rectangle;Ljava/awt/Graphics;Ljava/awt/Shape;I)V+155
j  sun.awt.SunGraphicsCallback.runComponents([Ljava/awt/Component;Ljava/awt/Graphics;I)V+194
j  java.awt.Container.paint(Ljava/awt/Graphics;)V+58
j  java.awt.Window.paint(Ljava/awt/Graphics;)V+68
j  javax.swing.RepaintManager$4.run()Ljava/lang/Void;+142
j  javax.swing.RepaintManager$4.run()Ljava/lang/Object;+1
v  ~StubRoutines::call_stub
J 1547  java.security.AccessController.doPrivileged(Ljava/security/PrivilegedAction;Ljava/security/AccessControlContext;)Ljava/lang/Object; (0 bytes) @ 0x05113fc7 [0x05113f60+0x67]
J 2001 C1 javax.swing.RepaintManager.paintDirtyRegions(Ljava/util/Map;)V (196 bytes) @ 0x051e73bc [0x051e6fe0+0x3dc]
j  javax.swing.RepaintManager.paintDirtyRegions()V+46
j  javax.swing.RepaintManager.prePaintDirtyRegions()V+73
j  javax.swing.RepaintManager.access$1200(Ljavax/swing/RepaintManager;)V+1
j  javax.swing.RepaintManager$ProcessingRunnable.run()V+37
J 2052 C1 java.awt.event.InvocationEvent.dispatch()V (69 bytes) @ 0x051f859c [0x051f84b0+0xec]
J 1812 C1 java.awt.EventQueue.dispatchEventImpl(Ljava/awt/AWTEvent;Ljava/lang/Object;)V (149 bytes) @ 0x0519508c [0x05194bd0+0x4bc]
J 1953 C1 java.awt.EventQueue$3.run()Ljava/lang/Void; (60 bytes) @ 0x051c7bdc [0x051c7b80+0x5c]
J 1952 C1 java.awt.EventQueue$3.run()Ljava/lang/Object; (5 bytes) @ 0x051c7960 [0x051c7940+0x20]
v  ~StubRoutines::call_stub
J 1547  java.security.AccessController.doPrivileged(Ljava/security/PrivilegedAction;Ljava/security/AccessControlContext;)Ljava/lang/Object; (0 bytes) @ 0x05113fc7 [0x05113f60+0x67]
J 1808 C1 java.awt.EventQueue.dispatchEvent(Ljava/awt/AWTEvent;)V (80 bytes) @ 0x05193708 [0x05193500+0x208]
J 1571 C1 java.awt.EventDispatchThread.pumpOneEventForFilters(I)V (295 bytes) @ 0x0511dfd0 [0x0511d940+0x690]
j  java.awt.EventDispatchThread.pumpEventsForFilter(ILjava/awt/Conditional;Ljava/awt/EventFilter;)V+35
j  java.awt.EventDispatchThread.pumpEventsForHierarchy(ILjava/awt/Conditional;Ljava/awt/Component;)V+11
j  java.awt.EventDispatchThread.pumpEvents(ILjava/awt/Conditional;)V+4
j  java.awt.EventDispatchThread.pumpEvents(Ljava/awt/Conditional;)V+3
j  java.awt.EventDispatchThread.run()V+9
v  ~StubRoutines::call_stub

---------------  P R O C E S S  ---------------

Java Threads: ( => current thread )
  0x2a695000 JavaThread "EventThread COM2" [_thread_in_native, id=9848, stack(0x04a50000,0x04aa0000)]
  0x2a694800 JavaThread "Thread-62" [_thread_blocked, id=1840, stack(0x02fe0000,0x03030000)]
  0x282d5c00 JavaThread "DestroyJavaVM" [_thread_blocked, id=13804, stack(0x04ca0000,0x04cf0000)]
  0x2a68e000 JavaThread "TimerQueue" daemon [_thread_blocked, id=1176, stack(0x2c4b0000,0x2c500000)]
  0x2a690000 JavaThread "Batik CleanerThread" daemon [_thread_blocked, id=5404, stack(0x2b770000,0x2b7c0000)]
=>0x2a692c00 JavaThread "AWT-EventQueue-0" [_thread_in_native, id=404, stack(0x2b910000,0x2b960000)]
  0x2a692400 JavaThread "AWT-Shutdown" [_thread_blocked, id=11584, stack(0x2b6d0000,0x2b720000)]
  0x2a691c00 JavaThread "Timer-0" [_thread_blocked, id=16052, stack(0x2b640000,0x2b690000)]
  0x2a693800 JavaThread "JmDNS(fe80-0-0-0-2453-a06f-253d-b7f8-wlan1.local.).State.Timer" daemon [_thread_blocked, id=2956, stack(0x2b5b0000,0x2b600000)]
  0x2a68e400 JavaThread "JmDNS(fe80-0-0-0-2453-a06f-253d-b7f8-wlan1.local.).Timer" daemon [_thread_blocked, id=15880, stack(0x2b520000,0x2b570000)]
  0x2a693c00 JavaThread "SocketListener(fe80-0-0-0-2453-a06f-253d-b7f8-wlan1.local.)" daemon [_thread_in_native, id=7256, stack(0x2b490000,0x2b4e0000)]
  0x2a693000 JavaThread "JmDNS(10-192-133-244.local.).State.Timer" daemon [_thread_blocked, id=14596, stack(0x2b270000,0x2b2c0000)]
  0x2a691000 JavaThread "JmDNS(10-192-133-244.local.).Timer" daemon [_thread_blocked, id=6052, stack(0x2b1e0000,0x2b230000)]
  0x2a690c00 JavaThread "SocketListener(10-192-133-244.local.)" daemon [_thread_in_native, id=14772, stack(0x28ec0000,0x28f10000)]
  0x2a68f000 JavaThread "Multihomed mDNS.Timer" daemon [_thread_blocked, id=6600, stack(0x2b130000,0x2b180000)]
  0x2a694400 JavaThread "cc.arduino.packages.discoverers.serial.SerialBoardsLister" [_thread_blocked, id=10760, stack(0x2a3a0000,0x2a3f0000)]
  0x282d6000 JavaThread "AWT-Windows" daemon [_thread_in_native, id=10704, stack(0x28f50000,0x28fa0000)]
  0x282d6800 JavaThread "Java2D Disposer" daemon [_thread_blocked, id=1700, stack(0x28e30000,0x28e80000)]
  0x282d7400 JavaThread "Service Thread" daemon [_thread_blocked, id=368, stack(0x28720000,0x28770000)]
  0x28307800 JavaThread "C1 CompilerThread0" daemon [_thread_blocked, id=9992, stack(0x28690000,0x286e0000)]
  0x282d6c00 JavaThread "Attach Listener" daemon [_thread_blocked, id=17048, stack(0x28600000,0x28650000)]
  0x282d5400 JavaThread "Signal Dispatcher" daemon [_thread_blocked, id=11708, stack(0x27710000,0x27760000)]
  0x282d8000 JavaThread "Finalizer" daemon [_thread_blocked, id=6932, stack(0x27680000,0x276d0000)]
  0x282d4800 JavaThread "Reference Handler" daemon [_thread_blocked, id=16708, stack(0x27550000,0x275a0000)]

Other Threads:
  0x04bae400 VMThread [stack: 0x275f0000,0x27640000] [id=16960]
  0x28339000 WatcherThread [stack: 0x287b0000,0x28800000] [id=17300]

VM state:not at safepoint (normal execution)

VM Mutex/Monitor currently owned by a thread: None

Heap:
 def new generation   total 39424K, used 11068K [0x07000000, 0x09ac0000, 0x11aa0000)
  eden space 35072K,  23% used [0x07000000, 0x07819d60, 0x09240000)
  from space 4352K,  63% used [0x09240000, 0x094f52d8, 0x09680000)
  to   space 4352K,   0% used [0x09680000, 0x09680000, 0x09ac0000)
 tenured generation   total 87424K, used 33672K [0x11aa0000, 0x17000000, 0x27000000)
   the space 87424K,  38% used [0x11aa0000, 0x13b82130, 0x13b82200, 0x17000000)
 Metaspace       used 18973K, capacity 19447K, committed 19584K, reserved 19840K

Card table byte_map: [0x06e50000,0x06f60000] byte_map_base: 0x06e18000

Polling page: 0x031b0000

CodeCache: size=32768Kb used=3994Kb max_used=3994Kb free=28773Kb
 bounds [0x04e50000, 0x05238000, 0x06e50000]
 total_blobs=2469 nmethods=2194 adapters=205
 compilation: enabled

Compilation events (10 events):
Event: 269.425 Thread 0x28307800 2224   !         sun.awt.GlobalCursorManager$NativeUpdater::postIfNotPending (48 bytes)
Event: 269.426 Thread 0x28307800 nmethod 2224 0x05235688 code [0x052357c0, 0x05235be4]
Event: 269.848 Thread 0x28307800 2225   !         sun.awt.GlobalCursorManager$NativeUpdater::run (43 bytes)
Event: 269.848 Thread 0x28307800 nmethod 2225 0x05235e48 code [0x05235f50, 0x0523617c]
Event: 271.440 Thread 0x28307800 2226             sun.awt.SunHints$Key::isCompatibleValue (18 bytes)
Event: 271.440 Thread 0x28307800 nmethod 2226 0x05236248 code [0x05236340, 0x05236440]
Event: 274.691 Thread 0x28307800 2228             java.awt.Component::getFocusTraversalKeys_NoIDCheck (47 bytes)
Event: 274.692 Thread 0x28307800 nmethod 2228 0x05236788 code [0x052368c0, 0x05236a90]
Event: 275.637 Thread 0x28307800 2229             javax.swing.SwingUtilities::getRootPane (43 bytes)
Event: 275.637 Thread 0x28307800 nmethod 2229 0x05236cc8 code [0x05236df0, 0x05236fa8]

GC Heap History (10 events):
Event: 1.895 GC heap before
{Heap before GC invocations=2 (full 0):
 def new generation   total 39296K, used 16244K [0x07000000, 0x09aa0000, 0x11aa0000)
  eden space 34944K,  34% used [0x07000000, 0x07b9d0b8, 0x09220000)
  from space 4352K, 100% used [0x09220000, 0x09660000, 0x09660000)
  to   space 4352K,   0% used [0x09660000, 0x09660000, 0x09aa0000)
 tenured generation   total 87424K, used 11916K [0x11aa0000, 0x17000000, 0x27000000)
   the space 87424K,  13% used [0x11aa0000, 0x12643198, 0x12643200, 0x17000000)
 Metaspace       used 11953K, capacity 12258K, committed 12288K, reserved 12672K
Event: 1.935 GC heap after
Heap after GC invocations=3 (full 1):
 def new generation   total 39424K, used 0K [0x07000000, 0x09ac0000, 0x11aa0000)
  eden space 35072K,   0% used [0x07000000, 0x07000000, 0x09240000)
  from space 4352K,   0% used [0x09240000, 0x09240000, 0x09680000)
  to   space 4352K,   0% used [0x09680000, 0x09680000, 0x09ac0000)
 tenured generation   total 87424K, used 17161K [0x11aa0000, 0x17000000, 0x27000000)
   the space 87424K,  19% used [0x11aa0000, 0x12b62680, 0x12b62800, 0x17000000)
 Metaspace       used 11953K, capacity 12258K, committed 12288K, reserved 12672K
}
Event: 2.850 GC heap before
{Heap before GC invocations=3 (full 1):
 def new generation   total 39424K, used 35072K [0x07000000, 0x09ac0000, 0x11aa0000)
  eden space 35072K, 100% used [0x07000000, 0x09240000, 0x09240000)
  from space 4352K,   0% used [0x09240000, 0x09240000, 0x09680000)
  to   space 4352K,   0% used [0x09680000, 0x09680000, 0x09ac0000)
 tenured generation   total 87424K, used 17161K [0x11aa0000, 0x17000000, 0x27000000)
   the space 87424K,  19% used [0x11aa0000, 0x12b62680, 0x12b62800, 0x17000000)
 Metaspace       used 16868K, capacity 17291K, committed 17408K, reserved 17792K
Event: 2.861 GC heap after
Heap after GC invocations=4 (full 1):
 def new generation   total 39424K, used 4352K [0x07000000, 0x09ac0000, 0x11aa0000)
  eden space 35072K,   0% used [0x07000000, 0x07000000, 0x09240000)
  from space 4352K, 100% used [0x09680000, 0x09ac0000, 0x09ac0000)
  to   space 4352K,   0% used [0x09240000, 0x09240000, 0x09680000)
 tenured generation   total 87424K, used 18966K [0x11aa0000, 0x17000000, 0x27000000)
   the space 87424K,  21% used [0x11aa0000, 0x12d25be0, 0x12d25c00, 0x17000000)
 Metaspace       used 16868K, capacity 17291K, committed 17408K, reserved 17792K
}
Event: 63.580 GC heap before
{Heap before GC invocations=4 (full 1):
 def new generation   total 39424K, used 39424K [0x07000000, 0x09ac0000, 0x11aa0000)
  eden space 35072K, 100% used [0x07000000, 0x09240000, 0x09240000)
  from space 4352K, 100% used [0x09680000, 0x09ac0000, 0x09ac0000)
  to   space 4352K,   0% used [0x09240000, 0x09240000, 0x09680000)
 tenured generation   total 87424K, used 18966K [0x11aa0000, 0x17000000, 0x27000000)
   the space 87424K,  21% used [0x11aa0000, 0x12d25be0, 0x12d25c00, 0x17000000)
 Metaspace       used 18537K, capacity 18996K, committed 19072K, reserved 19840K
Event: 63.599 GC heap after
Heap after GC invocations=5 (full 1):
 def new generation   total 39424K, used 3997K [0x07000000, 0x09ac0000, 0x11aa0000)
  eden space 35072K,   0% used [0x07000000, 0x07000000, 0x09240000)
  from space 4352K,  91% used [0x09240000, 0x096276e8, 0x09680000)
  to   space 4352K,   0% used [0x09680000, 0x09680000, 0x09ac0000)
 tenured generation   total 87424K, used 21855K [0x11aa0000, 0x17000000, 0x27000000)
   the space 87424K,  24% used [0x11aa0000, 0x12ff7d30, 0x12ff7e00, 0x17000000)
 Metaspace       used 18537K, capacity 18996K, committed 19072K, reserved 19840K
}
Event: 131.287 GC heap before
{Heap before GC invocations=5 (full 1):
 def new generation   total 39424K, used 37180K [0x07000000, 0x09ac0000, 0x11aa0000)
  eden space 35072K,  94% used [0x07000000, 0x09067a28, 0x09240000)
  from space 4352K,  91% used [0x09240000, 0x096276e8, 0x09680000)
  to   space 4352K,   0% used [0x09680000, 0x09680000, 0x09ac0000)
 tenured generation   total 87424K, used 21855K [0x11aa0000, 0x17000000, 0x27000000)
   the space 87424K,  24% used [0x11aa0000, 0x12ff7d30, 0x12ff7e00, 0x17000000)
 Metaspace       used 18620K, capacity 19095K, committed 19200K, reserved 19840K
Event: 131.301 GC heap after
Heap after GC invocations=6 (full 1):
 def new generation   total 39424K, used 2183K [0x07000000, 0x09ac0000, 0x11aa0000)
  eden space 35072K,   0% used [0x07000000, 0x07000000, 0x09240000)
  from space 4352K,  50% used [0x09680000, 0x098a1ce8, 0x09ac0000)
  to   space 4352K,   0% used [0x09240000, 0x09240000, 0x09680000)
 tenured generation   total 87424K, used 24224K [0x11aa0000, 0x17000000, 0x27000000)
   the space 87424K,  27% used [0x11aa0000, 0x13248008, 0x13248200, 0x17000000)
 Metaspace       used 18620K, capacity 19095K, committed 19200K, reserved 19840K
}
Event: 275.604 GC heap before
{Heap before GC invocations=6 (full 1):
 def new generation   total 39424K, used 35221K [0x07000000, 0x09ac0000, 0x11aa0000)
  eden space 35072K,  94% used [0x07000000, 0x09043750, 0x09240000)
  from space 4352K,  50% used [0x09680000, 0x098a1ce8, 0x09ac0000)
  to   space 4352K,   0% used [0x09240000, 0x09240000, 0x09680000)
 tenured generation   total 87424K, used 24224K [0x11aa0000, 0x17000000, 0x27000000)
   the space 87424K,  27% used [0x11aa0000, 0x13248008, 0x13248200, 0x17000000)
 Metaspace       used 18973K, capacity 19447K, committed 19584K, reserved 19840K
Event: 275.622 GC heap after
Heap after GC invocations=7 (full 1):
 def new generation   total 39424K, used 2772K [0x07000000, 0x09ac0000, 0x11aa0000)
  eden space 35072K,   0% used [0x07000000, 0x07000000, 0x09240000)
  from space 4352K,  63% used [0x09240000, 0x094f52d8, 0x09680000)
  to   space 4352K,   0% used [0x09680000, 0x09680000, 0x09ac0000)
 tenured generation   total 87424K, used 33672K [0x11aa0000, 0x17000000, 0x27000000)
   the space 87424K,  38% used [0x11aa0000, 0x13b82130, 0x13b82200, 0x17000000)
 Metaspace       used 18973K, capacity 19447K, committed 19584K, reserved 19840K
}

Deoptimization events (0 events):
No events

Internal exceptions (10 events):
Event: 271.448 Thread 0x2a68d800 Exception <a 'sun/nio/fs/WindowsException'> (0x08f734b8) thrown at [C:\workspace\8-2-build-windows-i586-cygwin\jdk8u144\9417\hotspot\src\share\vm\prims\jni.cpp, line 709]
Event: 271.448 Thread 0x2a68d800 Exception <a 'sun/nio/fs/WindowsException'> (0x08f73ad8) thrown at [C:\workspace\8-2-build-windows-i586-cygwin\jdk8u144\9417\hotspot\src\share\vm\prims\jni.cpp, line 709]
Event: 271.449 Thread 0x2a68d800 Exception <a 'sun/nio/fs/WindowsException'> (0x08f7d700) thrown at [C:\workspace\8-2-build-windows-i586-cygwin\jdk8u144\9417\hotspot\src\share\vm\prims\jni.cpp, line 709]
Event: 271.449 Thread 0x2a68d800 Exception <a 'sun/nio/fs/WindowsException'> (0x08f7dcf8) thrown at [C:\workspace\8-2-build-windows-i586-cygwin\jdk8u144\9417\hotspot\src\share\vm\prims\jni.cpp, line 709]
Event: 271.450 Thread 0x2a68d800 Exception <a 'sun/nio/fs/WindowsException'> (0x08f88240) thrown at [C:\workspace\8-2-build-windows-i586-cygwin\jdk8u144\9417\hotspot\src\share\vm\prims\jni.cpp, line 709]
Event: 271.450 Thread 0x2a68d800 Exception <a 'sun/nio/fs/WindowsException'> (0x08f888b0) thrown at [C:\workspace\8-2-build-windows-i586-cygwin\jdk8u144\9417\hotspot\src\share\vm\prims\jni.cpp, line 709]
Event: 271.451 Thread 0x2a68d800 Exception <a 'sun/nio/fs/WindowsException'> (0x08f92a70) thrown at [C:\workspace\8-2-build-windows-i586-cygwin\jdk8u144\9417\hotspot\src\share\vm\prims\jni.cpp, line 709]
Event: 271.451 Thread 0x2a68d800 Exception <a 'sun/nio/fs/WindowsException'> (0x08f93068) thrown at [C:\workspace\8-2-build-windows-i586-cygwin\jdk8u144\9417\hotspot\src\share\vm\prims\jni.cpp, line 709]
Event: 271.454 Thread 0x2a68d800 Exception <a 'sun/nio/fs/WindowsException'> (0x08f9cfd8) thrown at [C:\workspace\8-2-build-windows-i586-cygwin\jdk8u144\9417\hotspot\src\share\vm\prims\jni.cpp, line 709]
Event: 271.454 Thread 0x2a68d800 Exception <a 'sun/nio/fs/WindowsException'> (0x08f9d5e0) thrown at [C:\workspace\8-2-build-windows-i586-cygwin\jdk8u144\9417\hotspot\src\share\vm\prims\jni.cpp, line 709]

Events (10 events):
Event: 275.634 Executing VM operation: RevokeBias
Event: 275.634 Executing VM operation: RevokeBias done
Event: 275.634 Executing VM operation: BulkRevokeBias
Event: 275.634 Executing VM operation: BulkRevokeBias done
Event: 275.634 Executing VM operation: RevokeBias
Event: 275.634 Executing VM operation: RevokeBias done
Event: 275.634 Executing VM operation: RevokeBias
Event: 275.634 Executing VM operation: RevokeBias done
Event: 275.634 Executing VM operation: RevokeBias
Event: 275.634 Executing VM operation: RevokeBias done


Dynamic libraries:
0x00020000 - 0x00053000 	C:\Program Files (x86)\Arduino\java\bin\javaw.exe
0x76ee0000 - 0x7706d000 	C:\WINDOWS\SYSTEM32\ntdll.dll
0x73d30000 - 0x73e00000 	C:\WINDOWS\System32\KERNEL32.DLL
0x739d0000 - 0x73ba7000 	C:\WINDOWS\System32\KERNELBASE.dll
0x73ea0000 - 0x73f18000 	C:\WINDOWS\System32\ADVAPI32.dll
0x74b80000 - 0x74c3d000 	C:\WINDOWS\System32\msvcrt.dll
0x73980000 - 0x739c3000 	C:\WINDOWS\System32\sechost.dll
0x76a40000 - 0x76afe000 	C:\WINDOWS\System32\RPCRT4.dll
0x73900000 - 0x73920000 	C:\WINDOWS\System32\SspiCli.dll
0x738f0000 - 0x738fa000 	C:\WINDOWS\System32\CRYPTBASE.dll
0x73920000 - 0x73977000 	C:\WINDOWS\System32\bcryptPrimitives.dll
0x73bb0000 - 0x73d25000 	C:\WINDOWS\System32\USER32.dll
0x76620000 - 0x76636000 	C:\WINDOWS\System32\win32u.dll
0x743c0000 - 0x743e2000 	C:\WINDOWS\System32\GDI32.dll
0x76640000 - 0x7679f000 	C:\WINDOWS\System32\gdi32full.dll
0x76c70000 - 0x76cec000 	C:\WINDOWS\System32\msvcp_win.dll
0x74c40000 - 0x74d57000 	C:\WINDOWS\System32\ucrtbase.dll
0x71760000 - 0x71971000 	C:\WINDOWS\WinSxS\x86_microsoft.windows.common-controls_6595b64144ccf1df_6.0.16299.64_none_14403bb93691f395\COMCTL32.dll
0x74170000 - 0x743b6000 	C:\WINDOWS\System32\combase.dll
0x74070000 - 0x74095000 	C:\WINDOWS\System32\IMM32.DLL
0x77f00000 - 0x77fbf000 	C:\Program Files (x86)\Arduino\java\bin\msvcr100.dll
0x6cb20000 - 0x6ceee000 	C:\Program Files (x86)\Arduino\java\bin\client\jvm.dll
0x74140000 - 0x74146000 	C:\WINDOWS\System32\PSAPI.DLL
0x704e0000 - 0x704e8000 	C:\WINDOWS\SYSTEM32\WSOCK32.dll
0x721b0000 - 0x721d4000 	C:\WINDOWS\SYSTEM32\WINMM.dll
0x76b00000 - 0x76b66000 	C:\WINDOWS\System32\WS2_32.dll
0x73100000 - 0x73108000 	C:\WINDOWS\SYSTEM32\VERSION.dll
0x72010000 - 0x72033000 	C:\WINDOWS\SYSTEM32\WINMMBASE.dll
0x76d50000 - 0x76d88000 	C:\WINDOWS\System32\cfgmgr32.dll
0x6f110000 - 0x6f140000 	C:\Program Files (x86)\Arduino\java\bin\splashscreen.dll
0x73870000 - 0x738e9000 	C:\WINDOWS\system32\uxtheme.dll
0x6fa00000 - 0x6fa0c000 	C:\Program Files (x86)\Arduino\java\bin\verify.dll
0x76d90000 - 0x76ed4000 	C:\WINDOWS\System32\MSCTF.dll
0x740a0000 - 0x74133000 	C:\WINDOWS\System32\OLEAUT32.dll
0x6cf70000 - 0x6cf91000 	C:\Program Files (x86)\Arduino\java\bin\java.dll
0x6fcb0000 - 0x6fcc3000 	C:\Program Files (x86)\Arduino\java\bin\zip.dll
0x74060000 - 0x7406e000 	C:\WINDOWS\System32\kernel.appcore.dll
0x66a90000 - 0x66b07000 	C:\WINDOWS\System32\TextInputFramework.dll
0x6b9d0000 - 0x6ba5c000 	C:\WINDOWS\System32\CoreMessaging.dll
0x6ba60000 - 0x6bc94000 	C:\WINDOWS\System32\CoreUIComponents.dll
0x73e00000 - 0x73e88000 	C:\WINDOWS\System32\SHCORE.dll
0x737d0000 - 0x737f8000 	C:\WINDOWS\SYSTEM32\ntmarta.dll
0x6d6a0000 - 0x6d76b000 	C:\WINDOWS\SYSTEM32\wintypes.dll
0x71fa0000 - 0x71fc3000 	C:\WINDOWS\system32\dwmapi.dll
0x74d60000 - 0x76093000 	C:\WINDOWS\System32\SHELL32.dll
0x74410000 - 0x749d6000 	C:\WINDOWS\System32\windows.storage.dll
0x76880000 - 0x768c5000 	C:\WINDOWS\System32\shlwapi.dll
0x767a0000 - 0x767e5000 	C:\WINDOWS\System32\powrprof.dll
0x743f0000 - 0x74404000 	C:\WINDOWS\System32\profapi.dll
0x61940000 - 0x619b2000 	C:\Program Files (x86)\Arduino\lib\listSerialsj.dll
0x760b0000 - 0x764d6000 	C:\WINDOWS\System32\SETUPAPI.dll
0x27760000 - 0x2777d000 	C:\Program Files (x86)\Arduino\lib\jnidispatch-4.2.2-win32-x86.dll
0x76b70000 - 0x76c67000 	C:\WINDOWS\System32\Ole32.dll
0x6ff00000 - 0x6ff16000 	C:\Program Files (x86)\Arduino\java\bin\net.dll
0x730a0000 - 0x730f5000 	C:\WINDOWS\system32\mswsock.dll
0x6f360000 - 0x6f36f000 	C:\Program Files (x86)\Arduino\java\bin\nio.dll
0x6c140000 - 0x6c285000 	C:\Program Files (x86)\Arduino\java\bin\awt.dll
0x728b0000 - 0x7294a000 	C:\WINDOWS\SYSTEM32\apphelp.dll
0x6d550000 - 0x6d589000 	C:\Program Files (x86)\Arduino\java\bin\fontmanager.dll
0x691d0000 - 0x692af000 	C:\WINDOWS\system32\opengl32.dll
0x50cc0000 - 0x50ce5000 	C:\WINDOWS\SYSTEM32\GLU32.dll
0x6f4c0000 - 0x6f4f2000 	C:\Program Files (x86)\Arduino\java\bin\t2k.dll
0x2a2f0000 - 0x2a34a000 	C:\Program Files (x86)\DisplayFusion\Hooks\AppHook32_6E6F813A-F3F7-49AF-A825-5168E9D35663.dll
0x71ad0000 - 0x71af2000 	C:\WINDOWS\SYSTEM32\DEVOBJ.dll
0x73f20000 - 0x73f66000 	C:\WINDOWS\System32\WINTRUST.dll
0x760a0000 - 0x760ae000 	C:\WINDOWS\System32\MSASN1.dll
0x749f0000 - 0x74b72000 	C:\WINDOWS\System32\CRYPT32.dll
0x72950000 - 0x72980000 	C:\WINDOWS\SYSTEM32\IPHLPAPI.DLL
0x73e90000 - 0x73e97000 	C:\WINDOWS\System32\NSI.dll
0x715b0000 - 0x715c3000 	C:\WINDOWS\SYSTEM32\dhcpcsvc6.DLL
0x71590000 - 0x715a4000 	C:\WINDOWS\SYSTEM32\dhcpcsvc.DLL
0x71480000 - 0x71514000 	C:\WINDOWS\SYSTEM32\DNSAPI.dll
0x71470000 - 0x71478000 	C:\Windows\System32\rasadhlp.dll
0x77ca0000 - 0x77d09000 	C:\Program Files (x86)\Arduino\msvcp100.dll
0x77d90000 - 0x77e4e000 	C:\Program Files (x86)\Arduino\msvcr100.dll
0x2b960000 - 0x2b992000 	C:\Program Files (x86)\Arduino\lib\AStylej.dll
0x6d100000 - 0x6d124000 	C:\Program Files (x86)\Arduino\java\bin\dcpr.dll
0x73f70000 - 0x73ff2000 	C:\WINDOWS\System32\clbcatq.dll
0x70f10000 - 0x7107e000 	C:\WINDOWS\SYSTEM32\WindowsCodecs.dll
0x66870000 - 0x668b8000 	C:\WINDOWS\system32\dataexchange.dll
0x66770000 - 0x6686e000 	C:\WINDOWS\system32\dcomp.dll
0x66d70000 - 0x66fae000 	C:\WINDOWS\system32\d3d11.dll
0x713d0000 - 0x71462000 	C:\WINDOWS\system32\dxgi.dll
0x6d260000 - 0x6d394000 	C:\WINDOWS\system32\twinapi.appcore.dll
0x70510000 - 0x7052a000 	C:\WINDOWS\system32\RMCLIENT.dll
0x737b0000 - 0x737c9000 	C:\WINDOWS\system32\bcrypt.dll
0x719e0000 - 0x71a2e000 	C:\WINDOWS\System32\fwpuclnt.dll
0x6bf80000 - 0x6bfd5000 	C:\WINDOWS\system32\Ninput.dll
0x73790000 - 0x737a3000 	C:\WINDOWS\SYSTEM32\CRYPTSP.dll
0x71b00000 - 0x71b2f000 	C:\WINDOWS\system32\rsaenh.dll
0x73040000 - 0x73062000 	C:\WINDOWS\SYSTEM32\USERENV.dll
0x64000000 - 0x6401b000 	C:\Program Files (x86)\Arduino\lib\jSSC-2.8_x86.dll
0x6ff20000 - 0x700a1000 	C:\WINDOWS\SYSTEM32\dbghelp.dll

VM Arguments:
jvm_args: -Dsun.java2d.d3d=false -Djna.nosys=true -Djna.nounpack=true -Djna.boot.library.name=jnidispatch-4.2.2-win32-x86 -Djna.boot.library.path=C:\Program Files (x86)\Arduino/lib -Djssc.library.path=C:\Program Files (x86)\Arduino/lib -DAPP_DIR=C:\Program Files (x86)\Arduino -Xms128M -Xmx512M 
java_command: processing.app.Base C:\Users\Ahmad\Documents\Breakout\Arduino\serial_vibration_receiver\serial_vibration_receiver.ino
java_class_path (initial): C:\Program Files (x86)\Arduino\lib\apple.jar;C:\Program Files (x86)\Arduino\lib\arduino-core.jar;C:\Program Files (x86)\Arduino\lib\batik-1.8.jar;C:\Program Files (x86)\Arduino\lib\batik-anim-1.8.jar;C:\Program Files (x86)\Arduino\lib\batik-awt-util-1.8.jar;C:\Program Files (x86)\Arduino\lib\batik-bridge-1.8.jar;C:\Program Files (x86)\Arduino\lib\batik-codec-1.8.jar;C:\Program Files (x86)\Arduino\lib\batik-css-1.8.jar;C:\Program Files (x86)\Arduino\lib\batik-dom-1.8.jar;C:\Program Files (x86)\Arduino\lib\batik-ext-1.8.jar;C:\Program Files (x86)\Arduino\lib\batik-gvt-1.8.jar;C:\Program Files (x86)\Arduino\lib\batik-parser-1.8.jar;C:\Program Files (x86)\Arduino\lib\batik-rasterizer-1.8.jar;C:\Program Files (x86)\Arduino\lib\batik-script-1.8.jar;C:\Program Files (x86)\Arduino\lib\batik-squiggle-1.8.jar;C:\Program Files (x86)\Arduino\lib\batik-svg-dom-1.8.jar;C:\Program Files (x86)\Arduino\lib\batik-svgpp-1.8.jar;C:\Program Files (x86)\Arduino\lib\batik-transcoder-1.8.jar;C:\Program Files (x86)\Arduino\lib\batik-util-1.8.jar;C:\Program Files (x86)\Arduino\lib\batik-xml-1.8.jar;C:\Program Files (x86)\Arduino\lib\bcpg-jdk15on-152.jar;C:\Program Files (x86)\Arduino\lib\bcprov-jdk15on-152.jar;C:\Program Files (x86)\Arduino\lib\commons-codec-1.7.jar;C:\Program Files (x86)\Arduino\lib\commons-compress-1.8.jar;C:\Program Files (x86)\Arduino\lib\commons-exec-1.1.jar;C:\Program Files (x86)\Arduino\lib\commons-httpclient-3.1.jar;C:\Program Files (x86)\Arduino\lib\commons-lang3-3.3.2.jar;C:\Program Files (x86)\Arduino\lib\commons-logging-1.0.4.jar;C:\Program Files (x86)\Arduino\lib\commons-net-3.3.jar;C:\Program Files (x86)\Arduino\lib\jackson-annotations-2.6.3.jar;C:\Program Files (x86)\Arduino\lib\jackson-core-2.6.3.jar;C:\Program Files (x86)\Arduino\lib\jackson-databind-2.6.3.jar;C:\Program Files (x86)\Arduino\lib\jackson-module-mrbean-2.6.3.jar;C:\Program Files (x86)\Arduino\lib\java-semver-0.8.0.jar;C:\Program Files (x86)\Arduino\lib\jmdns-3.5.1.j
Launcher Type: SUN_STANDARD

Environment Variables:
PATH=c:\programdata\oracle\java\javapath;c:\windows\system32;c:\windows;c:\windows\system32\wbem;c:\windows\system32\windowspowershell\v1.0\;c:\program files\putty\;C:\Program Files (x86)\NVIDIA Corporation\PhysX\Common;C:\Program Files\Git\cmd;C:\Program Files (x86)\Windows Kits\8.1\Windows Performance Toolkit\;C:\Program Files\nodejs\;C:\WINDOWS\system32;C:\WINDOWS;C:\WINDOWS\System32\Wbem;C:\WINDOWS\System32\WindowsPowerShell\v1.0\;C:\Program Files (x86)\GtkSharp\2.12\bin;C:\Program Files\Perforce;C:\Users\Ahmad\AppData\Local\Microsoft\WindowsApps;"C:\Program Files\nodejs";C:\Users\Ahmad\AppData\Roaming\npm;C:\Program Files\Perforce\Server;C:\Program Files (x86)\Arduino\java\bin
USERNAME=Ahmad
OS=Windows_NT
PROCESSOR_IDENTIFIER=Intel64 Family 6 Model 78 Stepping 3, GenuineIntel



---------------  S Y S T E M  ---------------

OS: Windows 10.0 , 64 bit Build 16299 (10.0.16299.15)

CPU:total 4 (initial active 4) (2 cores per cpu, 2 threads per core) family 6 model 78 stepping 3, cmov, cx8, fxsr, mmx, sse, sse2, sse3, ssse3, sse4.1, sse4.2, popcnt, avx, avx2, aes, clmul, erms, 3dnowpref, lzcnt, ht, tsc, tscinvbit, bmi1, bmi2, adx

Memory: 4k page, physical 8259484k(3550900k free), swap 9570204k(2914956k free)

vm_info: Java HotSpot(TM) Client VM (25.144-b01) for windows-x86 JRE (1.8.0_144-b01), built on Jul 21 2017 21:58:05 by "java_re" with MS VC++ 10.0 (VS2010)

time: Sun Dec 03 20:28:06 2017
elapsed time: 275 seconds (0d 0h 4m 35s)

